[Licensing::Module] Successfully connected to LicensingClient on channel: "LicenseClient-StickyLock" (connect: 0.00s, validation: 0.01s, handshake: 0.77s)
Entitlement-based licensing initiated
[LicensingClient] Licenses updated successfully

LICENSE SYSTEM [2021329 13:44:30] Next license update check is after 2021-03-30T07:39:16


LICENSE SYSTEM [2021329 13:44:30] Current license is already valid and activated. Skipping license activation process (Provided username/password will be ignored).
Built from '2020.1/staging' branch; Version is '2020.1.17f1 (9957aee8edc2) revision 10049454'; Using compiler version '192227905'; Build Type 'Release'
OS: 'Windows 10  (10.0.0) 64bit' Language: 'en' Physical Memory: 16301 MB
[Licensing::Module] Serial number assigned to: "F4-EUEY-YA9R-M3T8-ZW73-XXXX"
BatchMode: 1, IsHumanControllingUs: 0, StartBugReporterOnCrash: 0, Is64bit: 1, IsPro: 0

 COMMAND LINE ARGUMENTS:
C:\Program Files\Unity\Hub\Editor\2020.1.17f1\Editor\Unity.exe
-adb2
-batchMode
-noUpm
-name
AssetImportWorker0
-projectPath
D:/Projects/EntityEnablingOverTimeRenderingBug
-logFile
Logs/AssetImportWorker0.log
-srvPort
59656
Successfully changed project path to: D:/Projects/EntityEnablingOverTimeRenderingBug
D:/Projects/EntityEnablingOverTimeRenderingBug
Using Asset Import Pipeline V2.
Refreshing native plugins compatible for Editor in 78.92 ms, found 1 plugins.
Preloading 0 native plugins for Editor in 0.00 ms.
Initialize engine version: 2020.1.17f1 (9957aee8edc2)
[Subsystems] Discovering subsystems at path C:/Program Files/Unity/Hub/Editor/2020.1.17f1/Editor/Data/Resources/UnitySubsystems
[Subsystems] Discovering subsystems at path D:/Projects/EntityEnablingOverTimeRenderingBug/Assets
GfxDevice: creating device client; threaded=0
Direct3D:
    Version:  Direct3D 11.0 [level 11.1]
    Renderer: NVIDIA GeForce RTX 2060 (ID=0x1f08)
    Vendor:   
    VRAM:     5980 MB
    Driver:   27.21.14.5751
Initialize mono
Mono path[0] = 'C:/Program Files/Unity/Hub/Editor/2020.1.17f1/Editor/Data/Managed'
Mono path[1] = 'C:/Program Files/Unity/Hub/Editor/2020.1.17f1/Editor/Data/MonoBleedingEdge/lib/mono/unityjit'
Mono config path = 'C:/Program Files/Unity/Hub/Editor/2020.1.17f1/Editor/Data/MonoBleedingEdge/etc'
Using monoOptions --debugger-agent=transport=dt_socket,embedding=1,server=y,suspend=n,address=127.0.0.1:56152
Begin MonoManager ReloadAssembly
Registering precompiled unity dll's ...
Register platform support module: C:/Program Files/Unity/Hub/Editor/2020.1.17f1/Editor/Data/PlaybackEngines/WindowsStandaloneSupport/UnityEditor.WindowsStandalone.Extensions.dll
Register platform support module: C:/Program Files/Unity/Hub/Editor/2020.1.17f1/Editor/Data/PlaybackEngines/MetroSupport/UnityEditor.UWP.Extensions.dll
Registered in 0.013005 seconds.
Native extension for UWP target not found
Native extension for WindowsStandalone target not found
Refreshing native plugins compatible for Editor in 69.56 ms, found 1 plugins.
Preloading 0 native plugins for Editor in 0.00 ms.
Mono: successfully reloaded assembly
- Completed reload, in  0.946 seconds
Registering precompiled user dll's ...
Registered in 0.276895 seconds.
Platform modules already initialized, skipping
Begin MonoManager ReloadAssembly
Native extension for UWP target not found
Native extension for WindowsStandalone target not found
Refreshing native plugins compatible for Editor in 82.88 ms, found 1 plugins.
Preloading 0 native plugins for Editor in 0.00 ms.
TypeManager.Initialize took: 142ms
Mono: successfully reloaded assembly
- Completed reload, in  4.503 seconds
Platform modules already initialized, skipping
========================================================================
Worker process is ready to serve import requests
Refreshing native plugins compatible for Editor in 0.80 ms, found 1 plugins.
Preloading 0 native plugins for Editor in 0.00 ms.
Unloading 5682 Unused Serialized files (Serialized files now loaded: 0)
System memory in use before: 241.7 MB.
System memory in use after: 241.7 MB.

Unloading 45 unused Assets to reduce memory usage. Loaded Objects now: 6067.
Total: 4.296100 ms (FindLiveObjects: 0.551700 ms CreateObjectMapping: 0.342000 ms MarkObjects: 3.214900 ms  DeleteObjects: 0.186400 ms)

========================================================================
Received Import Request.
  path: Assets/Scenes/New Scene.unity
  artifactKey: Guid(df911017359f85349aa5be5f37c8cdd0) Importer(2089858483,b4928d63cba0eb686c52b1d693c2cc83)
Start importing Assets/Scenes/New Scene.unity using Guid(df911017359f85349aa5be5f37c8cdd0) Importer(2089858483,b4928d63cba0eb686c52b1d693c2cc83) Opening scene 'Assets/Scenes/New Scene.unity additively'
Loaded scene 'Assets/Scenes/New Scene.unity'
	Deserialize:            54.551 ms
	Integration:            4360.421 ms
	Integration of assets:  6.497 ms
	Thread Wait Time:       32.833 ms
	Total Operation Time:   4454.302 ms
 -> (target hash: '0999f4337612e94071ced59819aba042') in 4.521333 seconds
  Import took 4.655999 seconds .

========================================================================
Received Import Request.
  Time since last request: 0.120494 seconds.
  path: Assets/SceneDependencyCache/658eebeb9fb5a04945ee05a14e06140d.sceneWithBuildSettings
  artifactKey: Guid(658eebeb9fb5a04945ee05a14e06140d) Importer(2089858483,52bed625d08a7023a15481c3fbd73797)
Start importing Assets/SceneDependencyCache/658eebeb9fb5a04945ee05a14e06140d.sceneWithBuildSettings using Guid(658eebeb9fb5a04945ee05a14e06140d) Importer(2089858483,52bed625d08a7023a15481c3fbd73797) Opening scene 'Assets/Scenes/New Scene/New Sub Scene.unity additively'
Loaded scene 'Assets/Scenes/New Scene/New Sub Scene.unity'
	Deserialize:            1.678 ms
	Integration:            1.655 ms
	Integration of assets:  0.002 ms
	Thread Wait Time:       26.592 ms
	Total Operation Time:   29.926 ms
Launched and connected shader compiler UnityShaderCompiler.exe after 0.04 seconds
 -> (target hash: '2c96508067d654639996d061a1c3580d') in 0.628517 seconds
  Import took 0.652493 seconds .

========================================================================
Received Import Request.
  Time since last request: 0.000253 seconds.
  path: Assets/SceneDependencyCache/e0402ad5f5be9f0f29ee93985d1a99e7.sceneWithBuildSettings
  artifactKey: Guid(e0402ad5f5be9f0f29ee93985d1a99e7) Importer(2089858483,52bed625d08a7023a15481c3fbd73797)
Start importing Assets/SceneDependencyCache/e0402ad5f5be9f0f29ee93985d1a99e7.sceneWithBuildSettings using Guid(e0402ad5f5be9f0f29ee93985d1a99e7) Importer(2089858483,52bed625d08a7023a15481c3fbd73797) Opening scene 'Assets/Scenes/New Scene/Managers.unity additively'
Loaded scene 'Assets/Scenes/New Scene/Managers.unity'
	Deserialize:            0.337 ms
	Integration:            0.212 ms
	Integration of assets:  0.002 ms
	Thread Wait Time:       26.924 ms
	Total Operation Time:   27.476 ms
 -> (target hash: 'b2b52cec810bd4acbfb9ade3cff10724') in 0.058779 seconds
  Import took 0.165176 seconds .

